         ns       /tb_kalman_fast/i_kalman_filter_Fast/z_fast    
          delta                                                  
          0  +0                              UUUUUUUUUUUUUUUU 
          5  +2                              0000000000000000 
         25  +2                              0000010100000000 
       8055  +2                              0000010010000000 
      12725  +2                              0000010001100000 
      17395  +2                              0000010001000000 
      22065  +2                              0000010000100000 
      26735  +2                              0000010000000000 
      31405  +2                              0000001110100000 
      36075  +2                              0000001101100000 
      50085  +2                              0000001101000000 
      54755  +2                              0000001100100000 
      59425  +2                              0000001011100000 
      92115  +2                              0000001100100000 
      96785  +2                              0000001101100000 
     101455  +2                              0000001110000000 
     106125  +2                              0000001110100000 
     115465  +2                              0000001111100000 
     120135  +2                              0000010000100000 
     124805  +2                              0000010001100000 
     129475  +2                              0000010011000000 
     134145  +2                              0000010100100000 
     138815  +2                              0000010101100000 
     143485  +2                              0000010110100000 
     148155  +2                              0000011000100000 
     152825  +2                              0000011010000000 
     157495  +2                              0000011010100000 
     162165  +2                              0000011011000000 
     176175  +2                              0000011010000000 
     180845  +2                              0000011001100000 
     194855  +2                              0000011001000000 
     199525  +2                              0000011000000000 
     204195  +2                              0000010111100000 
     208865  +2                              0000010110100000 
     218205  +2                              0000010110000000 
     227545  +2                              0000010110100000 
     232215  +2                              0000010111100000 
     236885  +2                              0000011000000000 
     246225  +2                              0000011000100000 
     250895  +2                              0000011001000000 
     255565  +2                              0000011001100000 
     264905  +2                              0000011010000000 
     274245  +2                              0000011010100000 
     278915  +2                              0000011010000000 
     283585  +2                              0000011001000000 
     288255  +2                              0000011000100000 
     292925  +2                              0000010111100000 
     302265  +2                              0000011000000000 
     320945  +2                              0000010111000000 
     325615  +2                              0000010110100000 
     330285  +2                              0000010101100000 
     339625  +2                              0000010110100000 
     344295  +2                              0000010111100000 
     353635  +2                              0000010111000000 
     358305  +2                              0000010110100000 
     362975  +2                              0000010110000000 
     367645  +2                              0000010101100000 
     372315  +2                              0000010101000000 
     376985  +2                              0000010011000000 
     381655  +2                              0000010001100000 
     386325  +2                              0000010000000000 
     390995  +2                              0000001111100000 
     400335  +2                              0000010010100000 
     405005  +2                              0000010011100000 
     409675  +2                              0000010100100000 
     414345  +2                              0000010101000000 
     419015  +2                              0000010101100000 
     423685  +2                              0000010110000000 
     451705  +2                              0000011001100000 
     465715  +2                              0000011001000000 
     470385  +2                              0000010111100000 
     475055  +2                              0000011000000000 
     479725  +2                              0000011010000000 
     484395  +2                              0000011100100000 
     489065  +2                              0000011111000000 
     493735  +2                              0000100001000000 
     498405  +2                              0000100011000000 
     503075  +2                              0000100100000000 
     517085  +2                              0000100011100000 
     531095  +2                              0000100010000000 
     535765  +2                              0000100001000000 
     545105  +2                              0000100000100000 
     549775  +2                              0000011111100000 
     554445  +2                              0000011110100000 
     559115  +2                              0000011101100000 
     573125  +2                              0000011101000000 
     577795  +2                              0000011100000000 
     582465  +2                              0000011010100000 
     587135  +2                              0000011010000000 
     591805  +2                              0000011001100000 
     596475  +2                              0000011010100000 
     601145  +2                              0000011011100000 
     605815  +2                              0000011100000000 
     615155  +2                              0000011011000000 
     624495  +2                              0000011100100000 
     629165  +2                              0000011101100000 
     633835  +2                              0000011110100000 
     638505  +2                              0000011110000000 
     643175  +2                              0000011101100000 
     647845  +2                              0000011100100000 
     652515  +2                              0000011011100000 
     657185  +2                              0000011011000000 
     661855  +2                              0000011010100000 
     666525  +2                              0000011001100000 
     671195  +2                              0000011000000000 
     680535  +2                              0000010101000000 
     685205  +2                              0000010100000000 
     689875  +2                              0000010010100000 
     694545  +2                              0000010010000000 
     699215  +2                              0000010001000000 
     703885  +2                              0000010000100000 
     708555  +2                              0000001111100000 
     713225  +2                              0000001110100000 
     717895  +2                              0000001101100000 
     722565  +2                              0000001101000000 
     727235  +2                              0000001100100000 
     750585  +2                              0000001101000000 
     778605  +2                              0000001110100000 
     783275  +2                              0000010001000000 
     787945  +2                              0000010011100000 
     792615  +2                              0000010111000000 
     797285  +2                              0000011010000000 
     801955  +2                              0000011101000000 
     806625  +2                              0000011111000000 
     811295  +2                              0000100000100000 
     815965  +2                              0000100001100000 
     820635  +2                              0000100010000000 
     825305  +2                              0000100011000000 
     829975  +2                              0000100100100000 
     834645  +2                              0000100110000000 
     839315  +2                              0000101000000000 
     848655  +2                              0000101100100000 
     857995  +2                              0000101011100000 
     862665  +2                              0000101011000000 
     872005  +2                              0000101001100000 
     876675  +2                              0000101000100000 
     881345  +2                              0000100111100000 
     886015  +2                              0000100111000000 
     890685  +2                              0000100110100000 
     895355  +2                              0000100110000000 
     909365  +2                              0000100101000000 
     914035  +2                              0000100100000000 
     923375  +2                              0000100011100000 
     928045  +2                              0000100010100000 
     932715  +2                              0000100001000000 
     937385  +2                              0000100000000000 
     946725  +2                              0000100000100000 
     956065  +2                              0000100001000000 
     960735  +2                              0000100001100000 
     970075  +2                              0000100001000000 
     974745  +2                              0000011111100000 
     979415  +2                              0000011101100000 
     984085  +2                              0000011011100000 
     988755  +2                              0000011001100000 
     993425  +2                              0000011001000000 
    1002765  +2                              0000011010000000 
    1007435  +2                              0000011010100000 
    1026115  +2                              0000011110100000 
    1030785  +2                              0000011111000000 
    1035455  +2                              0000011110100000 
    1040125  +2                              0000011101100000 
    1044795  +2                              0000011100100000 
    1049465  +2                              0000011100000000 
    1063475  +2                              0000011011100000 
    1068145  +2                              0000011011000000 
    1072815  +2                              0000011010100000 
    1091495  +2                              0000011001000000 
    1096165  +2                              0000011000000000 
    1105505  +2                              0000011000100000 
    1110175  +2                              0000011010000000 
    1114845  +2                              0000011011000000 
    1119515  +2                              0000011100100000 
    1124185  +2                              0000011110000000 
    1128855  +2                              0000011111100000 
    1133525  +2                              0000100000100000 
    1138195  +2                              0000100001000000 
    1142865  +2                              0000100001100000 
    1147535  +2                              0000100010000000 
    1152205  +2                              0000100001000000 
    1156875  +2                              0000011111000000 
    1161545  +2                              0000011110000000 
    1166215  +2                              0000011100000000 
    1170885  +2                              0000011010000000 
    1175555  +2                              0000011001100000 
    1184895  +2                              0000010111000000 
    1189565  +2                              0000010101100000 
    1194235  +2                              0000010101000000 
    1198905  +2                              0000010100100000 
    1203575  +2                              0000010100000000 
    1208245  +2                              0000010011000000 
    1212915  +2                              0000010010100000 
    1217585  +2                              0000010001100000 
    1222255  +2                              0000010000100000 
    1226925  +2                              0000001110100000 
    1231595  +2                              0000001110000000 
    1236265  +2                              0000001100100000 
    1245605  +2                              0000001100000000 
    1250275  +2                              0000001100100000 
    1254945  +2                              0000001101000000 
    1264285  +2                              0000001110000000 
    1268955  +2                              0000001111000000 
    1273625  +2                              0000010000000000 
    1278295  +2                              0000010001100000 
    1282965  +2                              0000010010100000 
    1287635  +2                              0000010011000000 
    1292305  +2                              0000010010000000 
    1296975  +2                              0000010000100000 
    1301645  +2                              0000001111100000 
    1306315  +2                              0000010001000000 
    1310985  +2                              0000010010000000 
    1315655  +2                              0000010011000000 
    1320325  +2                              0000010100000000 
    1324995  +2                              0000010100100000 
    1329665  +2                              0000010110000000 
    1334335  +2                              0000010111100000 
    1339005  +2                              0000011000100000 
    1353015  +2                              0000010101100000 
    1357685  +2                              0000010011100000 
    1362355  +2                              0000010010100000 
    1367025  +2                              0000010001100000 
    1371695  +2                              0000010000100000 
    1376365  +2                              0000001111100000 
    1385705  +2                              0000001111000000 
    1395045  +2                              0000001110100000 
    1399715  +2                              0000001110000000 
    1404385  +2                              0000001101100000 
    1409055  +2                              0000001101000000 
    1418395  +2                              0000001100100000 
    1423065  +2                              0000001100000000 
    1427735  +2                              0000001011000000 
    1432405  +2                              0000001010100000 
    1441745  +2                              0000001010000000 
    1446415  +2                              0000001010100000 
    1455755  +2                              0000001011100000 
    1460425  +2                              0000001110100000 
    1465095  +2                              0000010000000000 
    1469765  +2                              0000010001000000 
    1479105  +2                              0000010000100000 
    1483775  +2                              0000010000000000 
    1488445  +2                              0000001111100000 
    1493115  +2                              0000001111000000 
    1497785  +2                              0000001111100000 
    1502455  +2                              0000010000000000 
    1507125  +2                              0000010000100000 
    1511795  +2                              0000010001000000 
    1521135  +2                              0000010010000000 
    1525805  +2                              0000010010100000 
    1530475  +2                              0000010011000000 
    1535145  +2                              0000010011100000 
    1539815  +2                              0000010100000000 
    1544485  +2                              0000010101000000 
    1549155  +2                              0000010110000000 
    1553825  +2                              0000010111000000 
    1558495  +2                              0000011000000000 
    1572505  +2                              0000011001000000 
    1577175  +2                              0000011010000000 
    1581845  +2                              0000011010100000 
    1586515  +2                              0000011011000000 
    1600525  +2                              0000011010100000 
    1605195  +2                              0000011010000000 
    1614535  +2                              0000011001100000 
    1623875  +2                              0000011011000000 
    1628545  +2                              0000011100100000 
    1633215  +2                              0000011101100000 
    1637885  +2                              0000011110000000 
    1647225  +2                              0000011110100000 
    1665905  +2                              0000011111100000 
    1670575  +2                              0000100000100000 
    1675245  +2                              0000100001000000 
    1689255  +2                              0000100001100000 
    1693925  +2                              0000100010000000 
    1703265  +2                              0000100010100000 
    1707935  +2                              0000100001100000 
    1712605  +2                              0000100000100000 
    1717275  +2                              0000011111100000 
    1721945  +2                              0000011111000000 
    1726615  +2                              0000011110100000 
    1731285  +2                              0000011110000000 
    1735955  +2                              0000011111000000 
    1745295  +2                              0000100100100000 
    1749965  +2                              0000100101100000 
    1754635  +2                              0000100110000000 
    1759305  +2                              0000100110100000 
    1768645  +2                              0000100111000000 
    1782655  +2                              0000100111100000 
    1787325  +2                              0000100111000000 
    1791995  +2                              0000100110000000 
    1796665  +2                              0000100101000000 
    1801335  +2                              0000100100100000 
    1815345  +2                              0000100100000000 
    1820015  +2                              0000100011100000 
    1824685  +2                              0000100010100000 
    1834025  +2                              0000100011100000 
    1838695  +2                              0000100101000000 
    1843365  +2                              0000100111000000 
    1848035  +2                              0000101000000000 
    1857375  +2                              0000101000100000 
    1862045  +2                              0000100111100000 
    1866715  +2                              0000100110000000 
    1871385  +2                              0000100101100000 
    1876055  +2                              0000100100100000 
    1880725  +2                              0000100011000000 
    1885395  +2                              0000100010100000 
    1890065  +2                              0000100100000000 
    1894735  +2                              0000100101100000 
    1899405  +2                              0000100110000000 
    1922755  +2                              0000100111000000 
    1927425  +2                              0000100110100000 
    1932095  +2                              0000100110000000 
    1936765  +2                              0000100101100000 
    1941435  +2                              0000100101000000 
    1946105  +2                              0000100100000000 
    1950775  +2                              0000100011000000 
    1955445  +2                              0000100001100000 
    1960115  +2                              0000100000000000 
    1964785  +2                              0000011110100000 
    1969455  +2                              0000011101000000 
    1974125  +2                              0000011011100000 
    1978795  +2                              0000011010000000 
    1983465  +2                              0000011000100000 
    1988135  +2                              0000010110100000 
    1992805  +2                              0000010101000000 
    1997475  +2                              0000010011100000 
    2002145  +2                              0000010010000000 
    2006815  +2                              0000010000100000 
    2011485  +2                              0000001111100000 
    2016155  +2                              0000001110100000 
    2030165  +2                              0000001111000000 
    2034835  +2                              0000010000000000 
    2039505  +2                              0000010001000000 
    2044175  +2                              0000010010000000 
    2048845  +2                              0000010100000000 
    2053515  +2                              0000010111100000 
    2058185  +2                              0000011010000000 
    2062855  +2                              0000011011100000 
    2067525  +2                              0000011101000000 
    2072195  +2                              0000011110000000 
    2081535  +2                              0000100000000000 
    2086205  +2                              0000011111100000 
    2090875  +2                              0000011110100000 
    2095545  +2                              0000011101100000 
    2100215  +2                              0000011011100000 
    2104885  +2                              0000011010100000 
    2109555  +2                              0000011001100000 
    2118895  +2                              0000011011000000 
    2123565  +2                              0000011101100000 
    2128235  +2                              0000011111000000 
    2132905  +2                              0000100000100000 
    2137575  +2                              0000011100100000 
    2142245  +2                              0000011101000000 
    2146915  +2                              0000011110000000 
    2156255  +2                              0000011101100000 
    2160925  +2                              0000011110000000 
    2170265  +2                              0000011111000000 
    2174935  +2                              0000011111100000 
    2179605  +2                              0000100000000000 
    2184275  +2                              0000100000100000 
    2193615  +2                              0000011111100000 
    2198285  +2                              0000011110100000 
    2202955  +2                              0000011101000000 
    2207625  +2                              0000011100000000 
    2212295  +2                              0000011011100000 
    2216965  +2                              0000011011000000 
    2221635  +2                              0000011010100000 
    2230975  +2                              0000011100100000 
    2235645  +2                              0000100000000000 
    2240315  +2                              0000100010000000 
    2249655  +2                              0000100011100000 
    2254325  +2                              0000100100000000 
    2263665  +2                              0000100101000000 
    2277675  +2                              0000100100100000 
    2291685  +2                              0000100101000000 
    2296355  +2                              0000100110000000 
    2305695  +2                              0000100111000000 
    2310365  +2                              0000100111100000 
    2319705  +2                              0000100111000000 
    2324375  +2                              0000100110000000 
    2329045  +2                              0000100101000000 
    2333715  +2                              0000100100000000 
    2347725  +2                              0000100100100000 
    2352395  +2                              0000100100000000 
    2361735  +2                              0000100010100000 
    2366405  +2                              0000100001100000 
    2371075  +2                              0000100000100000 
    2375745  +2                              0000011111000000 
    2380415  +2                              0000011101100000 
    2385085  +2                              0000011100100000 
    2389755  +2                              0000011100000000 
    2394425  +2                              0000011011100000 
    2399095  +2                              0000011010100000 
    2403765  +2                              0000011001100000 
    2408435  +2                              0000011000000000 
    2413105  +2                              0000010111000000 
    2422445  +2                              0000010110100000 
    2427115  +2                              0000010110000000 
    2431785  +2                              0000010101000000 
    2436455  +2                              0000010011100000 
    2441125  +2                              0000010011000000 
    2445795  +2                              0000010011100000 
    2450465  +2                              0000010100000000 
    2455135  +2                              0000010100100000 
    2469145  +2                              0000010011100000 
    2473815  +2                              0000010011000000 
    2478485  +2                              0000010010000000 
    2483155  +2                              0000010001000000 
    2487825  +2                              0000010000100000 
    2492495  +2                              0000010000000000 
    2497165  +2                              0000001111100000 
    2511175  +2                              0000010000100000 
    2515845  +2                              0000010000000000 
    2529855  +2                              0000010001100000 
    2534525  +2                              0000010010000000 
    2539195  +2                              0000010010100000 
    2543865  +2                              0000010011100000 
    2557875  +2                              0000010011000000 
    2562545  +2                              0000010010000000 
    2567215  +2                              0000010001000000 
    2571885  +2                              0000001111000000 
    2576555  +2                              0000001101000000 
    2581225  +2                              0000001100000000 
    2585895  +2                              0000001011000000 
    2595235  +2                              0000001011100000 
    2609245  +2                              0000001011000000 
    2618585  +2                              0000001010100000 
    2623255  +2                              0000001011100000 
    2627925  +2                              0000001101000000 
    2632595  +2                              0000001110000000 
    2637265  +2                              0000001111100000 
    2641935  +2                              0000010001000000 
    2646605  +2                              0000010010100000 
    2651275  +2                              0000010100000000 
    2655945  +2                              0000010101100000 
    2660615  +2                              0000010111000000 
    2665285  +2                              0000011001000000 
    2669955  +2                              0000011010000000 
    2679295  +2                              0000011011000000 
    2683965  +2                              0000011100100000 
    2688635  +2                              0000011110100000 
    2697975  +2                              0000110001100000 
    2702645  +2                              0000110010100000 
    2707315  +2                              0000110010000000 
    2711985  +2                              0000110001000000 
    2716655  +2                              0000101111100000 
    2721325  +2                              0000101101100000 
    2725995  +2                              0000101011100000 
    2730665  +2                              0000101001000000 
    2735335  +2                              0000100111000000 
    2740005  +2                              0000100101000000 
    2744675  +2                              0000100011000000 
    2749345  +2                              0000100001000000 
    2754015  +2                              0000011111100000 
    2758685  +2                              0000011110000000 
    2763355  +2                              0000011101000000 
    2768025  +2                              0000011100100000 
    2772695  +2                              0000011101000000 
    2777365  +2                              0000011101100000 
    2782035  +2                              0000011110000000 
    2791375  +2                              0000011110100000 
    2796045  +2                              0000011110000000 
    2800715  +2                              0000011101000000 
    2805385  +2                              0000011100100000 
    2810055  +2                              0000011011100000 
    2814725  +2                              0000011011000000 
    2824065  +2                              0000011010100000 
    2828735  +2                              0000011011100000 
    2833405  +2                              0000011110000000 
    2838075  +2                              0000011111100000 
    2847415  +2                              0000011110000000 
    2852085  +2                              0000011100000000 
    2856755  +2                              0000011010100000 
    2866095  +2                              0000011001000000 
    2870765  +2                              0000011010100000 
    2875435  +2                              0000011101000000 
    2880105  +2                              0000011110000000 
    2884775  +2                              0000011111000000 
    2889445  +2                              0000011111100000 
    2894115  +2                              0000100000000000 
    2898785  +2                              0000100001000000 
    2903455  +2                              0000100010100000 
    2908125  +2                              0000100011000000 
    2912795  +2                              0000100100000000 
    2917465  +2                              0000100100100000 
    2922135  +2                              0000100011100000 
    2926805  +2                              0000100001100000 
    2931475  +2                              0000011111100000 
    2936145  +2                              0000100001100000 
    2940815  +2                              0000100101000000 
    2945485  +2                              0000100111100000 
    2950155  +2                              0000101000100000 
    2959495  +2                              0000101001000000 
    2964165  +2                              0000101001100000 
    2973505  +2                              0000101010000000 
    2978175  +2                              0000101010100000 
    2982845  +2                              0000101011000000 
    2987515  +2                              0000101011100000 
    2992185  +2                              0000101101000000 
    2996855  +2                              0000101100000000 
    3001525  +2                              0000101010000000 
    3006195  +2                              0000101001000000 
    3015535  +2                              0000101010100000 
    3020205  +2                              0000101100000000 
    3024875  +2                              0000101100100000 
    3038885  +2                              0000101101100000 
    3043555  +2                              0000101111000000 
    3048225  +2                              0000110000000000 
    3052895  +2                              0000110000100000 
    3062235  +2                              0000101111100000 
    3071575  +2                              0000110000100000 
    3076245  +2                              0000110001000000 
    3080915  +2                              0000110000100000 
    3090255  +2                              0000110001000000 
    3094925  +2                              0000110010000000 
    3099595  +2                              0000110011000000 
    3104265  +2                              0000110101000000 
    3108935  +2                              0000110101100000 
    3113605  +2                              0000110110000000 
    3127615  +2                              0000110101100000 
    3132285  +2                              0000110100000000 
    3141625  +2                              0000110101000000 
    3150965  +2                              0000110100100000 
    3155635  +2                              0000110100000000 
    3160305  +2                              0000101111000000 
    3164975  +2                              0000101110100000 
    3169645  +2                              0000110000000000 
    3174315  +2                              0000110011000000 
    3178985  +2                              0000110111100000 
    3183655  +2                              0000111100100000 
    3188325  +2                              0001000001000000 
    3192995  +2                              0001000100100000 
    3202335  +2                              0001000111000000 
    3211675  +2                              0001001000000000 
    3216345  +2                              0001001010000000 
    3221015  +2                              0001001100100000 
    3225685  +2                              0001001101100000 
    3230355  +2                              0001001101000000 
    3239695  +2                              0001001100100000 
    3244365  +2                              0001001101000000 
    3249035  +2                              0001001100000000 
    3258375  +2                              0001001000000000 
    3263045  +2                              0001000101000000 
    3267715  +2                              0001000011000000 
    3272385  +2                              0001000010100000 
    3277055  +2                              0001000011000000 
    3281725  +2                              0001000010100000 
    3286395  +2                              0001000001100000 
    3291065  +2                              0001000000100000 
    3295735  +2                              0000111111000000 
    3300405  +2                              0000111100100000 
    3305075  +2                              0000111010100000 
    3309745  +2                              0000111000100000 
    3314415  +2                              0000110110000000 
    3319085  +2                              0000110100000000 
    3323755  +2                              0000110001100000 
    3328425  +2                              0000101111000000 
    3333095  +2                              0000101100100000 
    3337765  +2                              0000101010000000 
    3342435  +2                              0000101000000000 
    3347105  +2                              0000100110000000 
    3351775  +2                              0000100100100000 
    3356445  +2                              0000100010100000 
    3361115  +2                              0000100001000000 
    3370455  +2                              0000011110000000 
    3375125  +2                              0000011101000000 
    3379795  +2                              0000011011100000 
    3384465  +2                              0000011010000000 
    3389135  +2                              0000011000000000 
    3393805  +2                              0000010110100000 
    3398475  +2                              0000010101000000 
    3403145  +2                              0000010011100000 
    3407815  +2                              0000010010100000 
    3412485  +2                              0000010010000000 
    3431165  +2                              0000010011000000 
    3435835  +2                              0000010011100000 
    3445175  +2                              0000010100000000 
    3636645  +2                              0000100101100000 
    3641315  +2                              0000100110000000 
    3645985  +2                              0000100111000000 
    3650655  +2                              0000101000000000 
    3655325  +2                              0000101000100000 
    3659995  +2                              0000101001000000 
    3669335  +2                              0000101001100000 
    3683345  +2                              0000101010000000 
    3688015  +2                              0000101001100000 
    3692685  +2                              0000101000100000 
    3697355  +2                              0000100111100000 
    3706695  +2                              0000100101100000 
    3720705  +2                              0000100110100000 
    3725375  +2                              0000100111000000 
    3730045  +2                              0000100111100000 
    3734715  +2                              0000101001000000 
    3739385  +2                              0000101001100000 
    3744055  +2                              0000101010000000 
    3748725  +2                              0000101011000000 
    3753395  +2                              0000101100100000 
    3758065  +2                              0000101101100000 
    3762735  +2                              0000101110000000 
    3776745  +2                              0000101101100000 
    3781415  +2                              0000101101000000 
    3786085  +2                              0000101100100000 
    3790755  +2                              0000101011100000 
    3795425  +2                              0000101010100000 
    3800095  +2                              0000101001000000 
    3804765  +2                              0000100111100000 
    3809435  +2                              0000100111000000 
    3814105  +2                              0000100111100000 
    3818775  +2                              0000101000100000 
    3823445  +2                              0000101011000000 
    3828115  +2                              0000101111000000 
    3832785  +2                              0000110100000000 
    3837455  +2                              0000111000100000 
    3842125  +2                              0000111101100000 
    3846795  +2                              0001000010000000 
    3851465  +2                              0001000110100000 
    3856135  +2                              0001001001100000 
    3860805  +2                              0001001100000000 
    3865475  +2                              0001001101000000 
    3888825  +2                              0001001100100000 
    3893495  +2                              0001001100000000 
    3898165  +2                              0001001011100000 
    3902835  +2                              0001001011000000 
    3907505  +2                              0001001010000000 
    3912175  +2                              0001001000100000 
    3916845  +2                              0001011010000000 
    3921515  +2                              0001011000000000 
    3926185  +2                              0001010101100000 
    3930855  +2                              0001010011100000 
    3935525  +2                              0001010000000000 
    3940195  +2                              0001001010100000 
    3944865  +2                              0001000011100000 
    3949535  +2                              0000111100100000 
    3954205  +2                              0000110111100000 
    3958875  +2                              0000110100000000 
    3963545  +2                              0000110011000000 
    3972885  +2                              0000110010100000 
    3977555  +2                              0000110010000000 
    3982225  +2                              0000110001000000 
    3986895  +2                              0000110000100000 
    3991565  +2                              0000110000000000 
    4000905  +2                              0000101111000000 
    4005575  +2                              0000101111100000 
    4014915  +2                              0000101110100000 
    4019585  +2                              0000101100100000 
    4024255  +2                              0000101011000000 
    4028925  +2                              0000101001100000 
    4033595  +2                              0000101010100000 
    4042935  +2                              0000101100100000 
    4052275  +2                              0000101010000000 
    4056945  +2                              0000101000000000 
    4061615  +2                              0000101000100000 
    4066285  +2                              0000101001100000 
    4070955  +2                              0000101010000000 
    4075625  +2                              0000101001000000 
    4080295  +2                              0000100111100000 
    4084965  +2                              0000100110000000 
    4089635  +2                              0000100100100000 
    4094305  +2                              0000100011100000 
    4098975  +2                              0000100011000000 
    4103645  +2                              0000100010100000 
    4108315  +2                              0000100010000000 
    4112985  +2                              0000100001100000 
    4136335  +2                              0000100001000000 
    4145675  +2                              0000100010000000 
    4150345  +2                              0000100010100000 
    4155015  +2                              0000100011000000 
    4159685  +2                              0000100011100000 
    4164355  +2                              0000100100000000 
    4169025  +2                              0000100101000000 
    4173695  +2                              0000100101100000 
    4178365  +2                              0000100100100000 
    4183035  +2                              0000100010100000 
    4187705  +2                              0000100001000000 
    4192375  +2                              0000100010000000 
    4197045  +2                              0000100110000000 
    4201715  +2                              0000101000100000 
    4215725  +2                              0000101010000000 
    4220395  +2                              0000101011000000 
    4225065  +2                              0000101100000000 
    4229735  +2                              0000101101000000 
    4234405  +2                              0000101100000000 
    4239075  +2                              0000101010000000 
    4243745  +2                              0000101000100000 
    4248415  +2                              0000101000000000 
    4257755  +2                              0000101000100000 
    4262425  +2                              0000101001100000 
    4267095  +2                              0000101010100000 
    4271765  +2                              0000101011000000 
    4276435  +2                              0000101101100000 
    4281105  +2                              0000110010100000 
    4285775  +2                              0000110110100000 
    4290445  +2                              0000111001000000 
    4295115  +2                              0000111010100000 
    4299785  +2                              0000111011100000 
    4304455  +2                              0000111101100000 
    4309125  +2                              0000111111100000 
    4313795  +2                              0001000000100000 
    4318465  +2                              0001000001000000 
    4323135  +2                              0001000000100000 
    4327805  +2                              0000111110100000 
    4332475  +2                              0000111101000000 
    4337145  +2                              0000111100100000 
    4341815  +2                              0000111011100000 
    4346485  +2                              0000111011000000 
    4351155  +2                              0000111010000000 
    4369835  +2                              0000111010100000 
    4379175  +2                              0000111101100000 
    4383845  +2                              0001000000100000 
    4388515  +2                              0001000010100000 
    4393185  +2                              0001000011000000 
    4397855  +2                              0001000011100000 
    4402525  +2                              0001000011000000 
    4407195  +2                              0001000010100000 
    4416535  +2                              0001000010000000 
    4425875  +2                              0001000001100000 
    4435215  +2                              0001000101000000 
    4444555  +2                              0001000011000000 
    4449225  +2                              0001000001100000 
    4453895  +2                              0001000010100000 
    4458565  +2                              0001000101000000 
    4463235  +2                              0001000110100000 
    4472575  +2                              0001000111000000 
    4477245  +2                              0001000111100000 
    4481915  +2                              0001001000100000 
    4486585  +2                              0001001001100000 
    4495925  +2                              0001001001000000 
    4500595  +2                              0001001010100000 
    4505265  +2                              0001001100100000 
    4509935  +2                              0001001101100000 
    4514605  +2                              0001001110100000 
    4519275  +2                              0001001111000000 
    4528615  +2                              0001010000000000 
    4533285  +2                              0001010000100000 
    4537955  +2                              0001010000000000 
    4551965  +2                              0001010001100000 
    4556635  +2                              0001010110000000 
    4561305  +2                              0001011010000000 
    4565975  +2                              0001011011100000 
    4570645  +2                              0001011100000000 
    4575315  +2                              0001011011000000 
    4579985  +2                              0001011001000000 
    4584655  +2                              0001010110100000 
    4589325  +2                              0001010011100000 
    4593995  +2                              0001010010100000 
    4603335  +2                              0001010010000000 
    4608005  +2                              0001010000000000 
    4612675  +2                              0001001110000000 
    4617345  +2                              0001001100100000 
    4622015  +2                              0001001011000000 
    4626685  +2                              0001001010100000 
    4640695  +2                              0001001011000000 
    4645365  +2                              0001001100000000 
    4650035  +2                              0001001100100000 
    4654705  +2                              0001001100000000 
    4659375  +2                              0001001011100000 
    4664045  +2                              0001001010000000 
    4668715  +2                              0001000111000000 
    4673385  +2                              0001000101000000 
    4678055  +2                              0001000100100000 
    4692065  +2                              0001000011100000 
    4696735  +2                              0001000011000000 
    4706075  +2                              0001000010000000 
    4724755  +2                              0001000001100000 
    4729425  +2                              0001000000000000 
    4734095  +2                              0000111110000000 
    4738765  +2                              0000111100100000 
    4743435  +2                              0000111011100000 
    4748105  +2                              0000111010100000 
    4752775  +2                              0000111001000000 
    4757445  +2                              0000110110100000 
    4762115  +2                              0000110011100000 
    4771455  +2                              0000101111100000 
    4776125  +2                              0000101111000000 
    4790135  +2                              0000101110100000 
    4794805  +2                              0000101101100000 
    4799475  +2                              0000101100000000 
    4804145  +2                              0000101010000000 
    4808815  +2                              0000101000100000 
    4813485  +2                              0000100110100000 
    4818155  +2                              0000100100000000 
    4822825  +2                              0000100010000000 
    4827495  +2                              0000100000100000 
    4832165  +2                              0000100001000000 
    4836835  +2                              0000100010100000 
    4841505  +2                              0000100011100000 
    4850845  +2                              0000100010100000 
    4860185  +2                              0000100100000000 
    4864855  +2                              0000100111100000 
    4883535  +2                              0000101110100000 
    4888205  +2                              0000110010000000 
    4892875  +2                              0000110110000000 
    4897545  +2                              0000111001000000 
    4902215  +2                              0000111001100000 
    4906885  +2                              0000111001000000 
    4911555  +2                              0000111000000000 
    4916225  +2                              0000110110100000 
    4920895  +2                              0000110101000000 
    4925565  +2                              0000110010100000 
    4930235  +2                              0000110001000000 
    4939575  +2                              0000101111100000 
    4944245  +2                              0000110000000000 
    4948915  +2                              0000110001100000 
    4953585  +2                              0000110011100000 
    4958255  +2                              0000110101000000 
    4962925  +2                              0000110111000000 
    4967595  +2                              0000111000000000 
    4972265  +2                              0000111000100000 
    4976935  +2                              0000110111100000 
    4981605  +2                              0000110110000000 
    4986275  +2                              0000110100000000 
    4990945  +2                              0000110010100000 
    4995615  +2                              0000110001100000 
    5000285  +2                              0000110000100000 
    5004955  +2                              0000110000000000 
    5009625  +2                              0000101111100000 
    5018965  +2                              0000110000000000 
    5028305  +2                              0000101111100000 
    5032975  +2                              0000110000100000 
    5037645  +2                              0000110001100000 
    5042315  +2                              0000110010100000 
    5051655  +2                              0000110101100000 
    5056325  +2                              0000110110100000 
    5060995  +2                              0000110111100000 
    5065665  +2                              0000111000000000 
    5070335  +2                              0000110111100000 
    5075005  +2                              0000110111000000 
    5079675  +2                              0000110111100000 
    5093685  +2                              0000110111000000 
    5112365  +2                              0000111000000000 
    5117035  +2                              0000111001000000 
    5121705  +2                              0000111000000000 
    5135715  +2                              0000110111100000 
    5140385  +2                              0000110111000000 
    5145055  +2                              0000110110100000 
    5154395  +2                              0000110101100000 
    5159065  +2                              0000110101000000 
    5163735  +2                              0000110011100000 
    5168405  +2                              0000110010000000 
    5173075  +2                              0000110001100000 
    5177745  +2                              0000110000100000 
    5182415  +2                              0000101111100000 
    5187085  +2                              0000101110000000 
    5191755  +2                              0000101100000000 
    5196425  +2                              0000101010000000 
    5201095  +2                              0000101001000000 
    5205765  +2                              0000101000100000 
    5210435  +2                              0000101010000000 
    5219775  +2                              0000101011100000 
    5229115  +2                              0000101011000000 
    5233785  +2                              0000101101000000 
    5238455  +2                              0000101100000000 
    5243125  +2                              0000101010100000 
    5247795  +2                              0000101001100000 
    5252465  +2                              0000101000000000 
    5257135  +2                              0000100110000000 
    5261805  +2                              0000100100100000 
    5266475  +2                              0000100010100000 
    5271145  +2                              0000100001000000 
    5275815  +2                              0000011111100000 
    5280485  +2                              0000011110000000 
    5285155  +2                              0000011101000000 
    5289825  +2                              0000011100000000 
    5294495  +2                              0000011011000000 
    5308505  +2                              0000011010100000 
    5313175  +2                              0000011010000000 
    5327185  +2                              0000011010100000 
    5331855  +2                              0000011011000000 
    5336525  +2                              0000011010100000 
    5341195  +2                              0000011010000000 
    5345865  +2                              0000011001100000 
    5350535  +2                              0000011001000000 
    5355205  +2                              0000011000100000 
    5378555  +2                              0000011001000000 
    5420585  +2                              0000011000100000 
    5425255  +2                              0000011000000000 
    5443935  +2                              0000011000100000 
    5453275  +2                              0000011001000000 
    5457945  +2                              0000011001100000 
    5462615  +2                              0000011010100000 
    5467285  +2                              0000011100000000 
    5471955  +2                              0000011101100000 
    5476625  +2                              0000011110100000 
    5481295  +2                              0000100000000000 
    5485965  +2                              0000100001000000 
    5490635  +2                              0000100010000000 
    5495305  +2                              0000100010100000 
    5499975  +2                              0000100011000000 
    5504645  +2                              0000100100000000 
    5509315  +2                              0000100100100000 
    5513985  +2                              0000100101000000 
    5518655  +2                              0000100101100000 
    5523325  +2                              0000100110000000 
    5527995  +2                              0000100111000000 
    5532665  +2                              0000100110100000 
    5542005  +2                              0000100111000000 
    5546675  +2                              0000101000000000 
    5556015  +2                              0000101101100000 
    5560685  +2                              0000101110100000 
    5570025  +2                              0000101111000000 
    5574695  +2                              0000101111100000 
    5579365  +2                              0000110000000000 
    5584035  +2                              0000110000100000 
    5588705  +2                              0000110001100000 
    5593375  +2                              0000110010000000 
    5598045  +2                              0000110001100000 
    5602715  +2                              0000110010000000 
    5607385  +2                              0000110011100000 
    5612055  +2                              0000110101000000 
    5616725  +2                              0000110110100000 
    5621395  +2                              0000110111100000 
    5626065  +2                              0000111001000000 
    5630735  +2                              0000111010000000 
    5635405  +2                              0000111010100000 
    5640075  +2                              0000111001000000 
    5644745  +2                              0000111000000000 
    5649415  +2                              0000110111000000 
    5654085  +2                              0000110111100000 
    5658755  +2                              0000111001000000 
    5663425  +2                              0000111010000000 
    5672765  +2                              0000111001100000 
    5677435  +2                              0000111010100000 
    5682105  +2                              0000111011100000 
    5686775  +2                              0000111100100000 
    5691445  +2                              0000111101000000 
    5696115  +2                              0000111101100000 
    5700785  +2                              0000111101000000 
    5710125  +2                              0000111100000000 
    5719465  +2                              0000111101000000 
    5728805  +2                              0000111100000000 
    5733475  +2                              0000111011000000 
    5738145  +2                              0000111100000000 
    5742815  +2                              0000111110000000 
    5747485  +2                              0001000000000000 
    5752155  +2                              0001000001000000 
    5761495  +2                              0001000010000000 
    5766165  +2                              0001000001100000 
    5770835  +2                              0001000000000000 
    5780175  +2                              0000111110100000 
    5784845  +2                              0000111101100000 
    5789515  +2                              0000111101000000 
    5803525  +2                              0000111110100000 
    5808195  +2                              0001000000000000 
    5812865  +2                              0001000000100000 
    5817535  +2                              0001000000000000 
    5822205  +2                              0001000001000000 
    5826875  +2                              0001000001100000 
    5840885  +2                              0001000001000000 
    5859565  +2                              0001000000100000 
    5868905  +2                              0001000001100000 
    5873575  +2                              0001000010100000 
    5878245  +2                              0001000100000000 
    5882915  +2                              0001000100100000 
    5896925  +2                              0001000100000000 
    5901595  +2                              0001000011000000 
    5920275  +2                              0001000100100000 
    5924945  +2                              0001000111000000 
    5929615  +2                              0001001001100000 
    5934285  +2                              0001001010100000 
    5938955  +2                              0001001011000000 
    5952965  +2                              0001001010000000 
    5957635  +2                              0001001011000000 
    5962305  +2                              0001001101100000 
    5966975  +2                              0001001111000000 
    5971645  +2                              0001010011000000 
    5976315  +2                              0001010110000000 
    5980985  +2                              0001010111000000 
    5985655  +2                              0001010101100000 
    5990325  +2                              0001010100000000 
    5999665  +2                              0001010011000000 
    6004335  +2                              0001010010000000 
    6009005  +2                              0001001110100000 
    6013675  +2                              0001001100100000 
    6018345  +2                              0001001011000000 
    6023015  +2                              0001000110100000 
    6027685  +2                              0001000101100000 
    6032355  +2                              0001001011100000 
    6037025  +2                              0001001100100000 
    6041695  +2                              0001001110000000 
    6051035  +2                              0001001101000000 
    6060375  +2                              0001001010000000 
    6065045  +2                              0001001000000000 
    6069715  +2                              0001000111000000 
    6074385  +2                              0001000101100000 
    6079055  +2                              0001000100000000 
    6083725  +2                              0001000010100000 
    6088395  +2                              0001000000100000 
    6093065  +2                              0000111110100000 
    6097735  +2                              0000111011100000 
    6102405  +2                              0000110111100000 
    6107075  +2                              0000110010100000 
    6116415  +2                              0000101000000000 
    6121085  +2                              0000100011100000 
    6125755  +2                              0000100000000000 
    6130425  +2                              0000011101000000 
    6135095  +2                              0000011010100000 
    6139765  +2                              0000011000100000 
    6144435  +2                              0000010111100000 
    6149105  +2                              0000010111000000 
    6158445  +2                              0000011000100000 
    6163115  +2                              0000011011000000 
    6167785  +2                              0000011101100000 
    6172455  +2                              0000100000000000 
    6177125  +2                              0000100010000000 
    6181795  +2                              0000100100000000 
    6186465  +2                              0000100101000000 
    6195805  +2                              0000100011100000 
    6200475  +2                              0000100000100000 
    6205145  +2                              0000011101000000 
    6209815  +2                              0000011010000000 
    6214485  +2                              0000011000000000 
    6219155  +2                              0000010110000000 
    6228495  +2                              0000010011000000 
    6233165  +2                              0000010010100000 
    6242505  +2                              0000010011100000 
    6247175  +2                              0000010111000000 
    6251845  +2                              0000011010100000 
    6256515  +2                              0000011110100000 
    6261185  +2                              0000100011000000 
    6265855  +2                              0000100111100000 
    6275195  +2                              0000110010100000 
    6555395  +2                              0000111111000000 
    6564735  +2                              0000111101000000 
    6574075  +2                              0000111100000000 
    6578745  +2                              0000111010000000 
    6583415  +2                              0000110111000000 
    6588085  +2                              0000110100100000 
    6592755  +2                              0000110001100000 
    6597425  +2                              0000101111000000 
    6602095  +2                              0000101101000000 
    6606765  +2                              0000101011000000 
    6611435  +2                              0000101001000000 
    6616105  +2                              0000100111000000 
    6620775  +2                              0000100110100000 
    6625445  +2                              0000100101100000 
    6634785  +2                              0000100110000000 
    6639455  +2                              0000100111000000 
    6644125  +2                              0000101000000000 
    6648795  +2                              0000101000100000 
    6658135  +2                              0000100111100000 
    6662805  +2                              0000100110100000 
    6667475  +2                              0000100110000000 
    6672145  +2                              0000100110100000 
    6676815  +2                              0000100111100000 
    6681485  +2                              0000101000000000 
    6686155  +2                              0000101001000000 
    6695495  +2                              0000101000100000 
    6700165  +2                              0000100111100000 
